[debug] [2023-04-06T16:03:02.835Z] ----------------------------------------------------------------------
[debug] [2023-04-06T16:03:02.838Z] Command:       D:\nodejs\node.exe C:\Users\Khaled.Gamal\AppData\Roaming\npm\node_modules\firebase-tools\lib\bin\firebase.js init
[debug] [2023-04-06T16:03:02.838Z] CLI Version:   11.25.3
[debug] [2023-04-06T16:03:02.838Z] Platform:      win32
[debug] [2023-04-06T16:03:02.838Z] Node Version:  v18.14.2
[debug] [2023-04-06T16:03:02.839Z] Time:          Thu Apr 06 2023 18:03:02 GMT+0200 (Eastern European Standard Time)
[debug] [2023-04-06T16:03:02.839Z] ----------------------------------------------------------------------
[debug] 
[debug] [2023-04-06T16:03:02.848Z] > command requires scopes: ["email","openid","https://www.googleapis.com/auth/cloudplatformprojects.readonly","https://www.googleapis.com/auth/firebase","https://www.googleapis.com/auth/cloud-platform"]
[debug] [2023-04-06T16:03:02.849Z] > authorizing via signed-in user (khalid707.negm@gmail.com)
[info] 
     ######## #### ########  ######## ########     ###     ######  ########
     ##        ##  ##     ## ##       ##     ##  ##   ##  ##       ##
     ######    ##  ########  ######   ########  #########  ######  ######
     ##        ##  ##    ##  ##       ##     ## ##     ##       ## ##
     ##       #### ##     ## ######## ########  ##     ##  ######  ########

You're about to initialize a Firebase project in this directory:

  D:\angular-dev\udemey-course\lemon-mart

[info] 
=== Project Setup
[info] 
[info] First, let's associate this project directory with a Firebase project.
[info] You can create multiple project aliases by running firebase use --add, 
[info] but for now we'll just set up a default project.
[info] 
[debug] [2023-04-06T16:03:44.384Z] >>> [apiv2][query] GET https://firebase.googleapis.com/v1beta1/projects pageSize=100
[debug] [2023-04-06T16:03:45.861Z] <<< [apiv2][status] GET https://firebase.googleapis.com/v1beta1/projects 200
[debug] [2023-04-06T16:03:45.861Z] <<< [apiv2][body] GET https://firebase.googleapis.com/v1beta1/projects [omitted]
[info] i  Using project lemon-mart-a7225 (lemon-mart) 
[info] 
=== Hosting Setup
[info] 
[info] Your public directory is the folder (relative to your project directory) that
[info] will contain Hosting assets to be uploaded with firebase deploy. If you
[info] have a build process for your assets, use your build's output directory.
[info] 
